23/04/2013 15:34:22 - New match 11348965 has started
23/04/2013 15:36:04 - Roman killed Nick using M16
23/04/2013 15:36:04 - Bart killed Homer using K12
23/04/2013 15:36:04 - Margie killed Meg using M16
23/04/2013 15:36:04 - Bart killed Margie using M16
23/04/2013 15:36:04 - Roman killed Bart using M16
23/04/2013 15:36:33 - <WORLD> killed Roman by DROWN
23/04/2013 15:39:22 - Match 11348965 has ended
23/04/2013 15:34:23 - New match 8573948 has started
23/04/2013 15:36:04 - Roman killed Nick using M16
23/04/2013 15:36:04 - Bart killed Homer using K12
23/04/2013 15:36:04 - Margie killed Meg using M16
23/04/2013 15:36:04 - Bart killed Margie using M16
23/04/2013 15:36:33 - <WORLD> killed Bart by DROWN
23/04/2013 15:36:33 - <WORLD> killed Roman by DROWN
23/04/2013 15:39:22 - Match 8573948 has ended
23/04/2013 15:34:24 - New match 19898974 has started
23/04/2013 15:36:04 - Roman killed Nick using M16
23/04/2013 15:36:04 - Bart killed Homer using K12
23/04/2013 15:36:04 - Margie killed Meg using M16
23/04/2013 15:36:04 - Roman killed Bart using M16
23/04/2013 15:36:33 - <WORLD> killed Margie by DROWN
23/04/2013 15:36:33 - <WORLD> killed Roman by DROWN
23/04/2013 15:39:22 - Match 19898974 has ended